<?xml version="1.0" encoding="UTF-8"?>
<!-- Generated by org.testng.reporters.JUnitXMLReporter -->
<testsuite hostname="LAPTOP-7HUNRUID" ignored="0" name="Surefire test" tests="6" failures="0" timestamp="2020-04-20T17:44:21 BST" time="274.493" errors="0">
  <testcase name="bankManagerShouldAddCustomerSuccessfully" time="5.162" classname="com.bank.testsuite.BankTest"/>
  <testcase name="bankManagerShouldOpenAccountSuccessfully" time="32.168" classname="com.bank.testsuite.BankTest"/>
  <testcase name="customerShouldLoginAndLogoutSuccessfully" time="32.29" classname="com.bank.testsuite.BankTest"/>
  <testcase name="customerShouldDepositMoneySuccessfully" time="63.031" classname="com.bank.testsuite.BankTest"/>
  <testcase name="customerShouldWithdrawMoneySuccessfully" time="62.394" classname="com.bank.testsuite.BankTest"/>
  <testcase name="bankManagerShouldDeleteCustomerSuccessfully" time="61.566" classname="com.bank.testsuite.BankTest"/>
</testsuite> <!-- Surefire test -->
