<?xml version="1.0" encoding="UTF-8"?>
<testng-results skipped="0" failed="0" ignored="0" total="6" passed="6">
  <reporter-output>
    <line>
      <![CDATA[Launching Chrome Browser]]>
    </line>
    <line>
      <![CDATA[Clicking on Manager Login Tab: [[ChromeDriver: chrome on WINDOWS (4ac1a097654e5cdd56b10895edae637a)] -> xpath: //button[contains(text(),'Bank Manager Login')]]<br>]]>
    </line>
    <line>
      <![CDATA[Clicking on Add Customer Tab: [[ChromeDriver: chrome on WINDOWS (4ac1a097654e5cdd56b10895edae637a)] -> xpath: //button[contains(text(),'Add Customer')]]<br>]]>
    </line>
    <line>
      <![CDATA[Entering First Name : VJLiY on First Name Field [[ChromeDriver: chrome on WINDOWS (4ac1a097654e5cdd56b10895edae637a)] -> xpath: //input[@placeholder='First Name']]<br>]]>
    </line>
    <line>
      <![CDATA[Entering Last Name : nJ1t on Last Name Field [[ChromeDriver: chrome on WINDOWS (4ac1a097654e5cdd56b10895edae637a)] -> xpath: //input[@placeholder='Last Name']]<br>]]>
    </line>
    <line>
      <![CDATA[Entering postcode : HA6 1NW on Postcode Field [[ChromeDriver: chrome on WINDOWS (4ac1a097654e5cdd56b10895edae637a)] -> xpath: //input[@placeholder='Post Code']]<br>]]>
    </line>
    <line>
      <![CDATA[Clicking on Add Customer Button : [[ChromeDriver: chrome on WINDOWS (4ac1a097654e5cdd56b10895edae637a)] -> xpath: //button[@class='btn btn-default']]<br>]]>
    </line>
    <line>
      <![CDATA[Clicking on Home Page Button : [[ChromeDriver: chrome on WINDOWS (4ac1a097654e5cdd56b10895edae637a)] -> xpath: //button[@class='btn home']]<br>]]>
    </line>
    <line>
      <![CDATA[Clicking on Manager Login Tab: [[ChromeDriver: chrome on WINDOWS (4ac1a097654e5cdd56b10895edae637a)] -> xpath: //button[contains(text(),'Bank Manager Login')]]<br>]]>
    </line>
    <line>
      <![CDATA[Clicking on Open Account Tab: [[ChromeDriver: chrome on WINDOWS (4ac1a097654e5cdd56b10895edae637a)] -> xpath: //button[contains(text(),'Open Account')]]<br>]]>
    </line>
    <line>
      <![CDATA[Selecting Customer Name from Drop Down : VJLiY nJ1t On Select Customer Field [[ChromeDriver: chrome on WINDOWS (4ac1a097654e5cdd56b10895edae637a)] -> xpath: //select[@name='userSelect']]<br>]]>
    </line>
    <line>
      <![CDATA[Selecting Currency from Drop Down : Pound On Select Currency Field [[ChromeDriver: chrome on WINDOWS (4ac1a097654e5cdd56b10895edae637a)] -> xpath: //select[@name='currency']]<br>]]>
    </line>
    <line>
      <![CDATA[Clicking on Process Button : [[ChromeDriver: chrome on WINDOWS (4ac1a097654e5cdd56b10895edae637a)] -> xpath: //button[contains(text(),'Process')]]<br>]]>
    </line>
    <line>
      <![CDATA[Displaying PopUp Message. <br>]]>
    </line>
    <line>
      <![CDATA[Clicking on Home Page Button : [[ChromeDriver: chrome on WINDOWS (4ac1a097654e5cdd56b10895edae637a)] -> xpath: //button[@class='btn home']]<br>]]>
    </line>
    <line>
      <![CDATA[Clicking on Customer Login Tab: [[ChromeDriver: chrome on WINDOWS (4ac1a097654e5cdd56b10895edae637a)] -> xpath: //button[contains(text(),'Customer Login')]]<br>]]>
    </line>
    <line>
      <![CDATA[Clicking on Your Name Field : [[ChromeDriver: chrome on WINDOWS (4ac1a097654e5cdd56b10895edae637a)] -> xpath: //select[@name='userSelect']]<br>]]>
    </line>
    <line>
      <![CDATA[Selecting Name of Customer from DropDown  : VJLiY nJ1t Your Name Field [[ChromeDriver: chrome on WINDOWS (4ac1a097654e5cdd56b10895edae637a)] -> xpath: //select[@name='userSelect']]<br>]]>
    </line>
    <line>
      <![CDATA[Clicking on Customer Login Button : [[ChromeDriver: chrome on WINDOWS (4ac1a097654e5cdd56b10895edae637a)] -> xpath: //select[@name='userSelect']]<br>]]>
    </line>
    <line>
      <![CDATA[Verifying Customer Log Out Tab is Displayed : [[ChromeDriver: chrome on WINDOWS (4ac1a097654e5cdd56b10895edae637a)] -> xpath: //button[@class='btn logout']]<br>]]>
    </line>
    <line>
      <![CDATA[Getting Customer Log Out Text: [[ChromeDriver: chrome on WINDOWS (4ac1a097654e5cdd56b10895edae637a)] -> xpath: //button[@class='btn logout']]<br>]]>
    </line>
    <line>
      <![CDATA[Clicking on Customer Log Out Button : [[ChromeDriver: chrome on WINDOWS (4ac1a097654e5cdd56b10895edae637a)] -> xpath: //button[@class='btn logout']]<br>]]>
    </line>
    <line>
      <![CDATA[ Verify Your Name Text is Displayed  : [[ChromeDriver: chrome on WINDOWS (4ac1a097654e5cdd56b10895edae637a)] -> xpath: //label[contains(text(),'Your Name :')]]<br>]]>
    </line>
    <line>
      <![CDATA[ Getting Your Name Text : [[ChromeDriver: chrome on WINDOWS (4ac1a097654e5cdd56b10895edae637a)] -> xpath: //label[contains(text(),'Your Name :')]]<br>]]>
    </line>
    <line>
      <![CDATA[Clicking on Home Page Button : [[ChromeDriver: chrome on WINDOWS (4ac1a097654e5cdd56b10895edae637a)] -> xpath: //button[@class='btn home']]<br>]]>
    </line>
    <line>
      <![CDATA[Clicking on Customer Login Tab: [[ChromeDriver: chrome on WINDOWS (4ac1a097654e5cdd56b10895edae637a)] -> xpath: //button[contains(text(),'Customer Login')]]<br>]]>
    </line>
    <line>
      <![CDATA[Clicking on Your Name Field : [[ChromeDriver: chrome on WINDOWS (4ac1a097654e5cdd56b10895edae637a)] -> xpath: //select[@name='userSelect']]<br>]]>
    </line>
    <line>
      <![CDATA[Selecting Name of Customer from DropDown  : VJLiY nJ1t Your Name Field [[ChromeDriver: chrome on WINDOWS (4ac1a097654e5cdd56b10895edae637a)] -> xpath: //select[@name='userSelect']]<br>]]>
    </line>
    <line>
      <![CDATA[Clicking on Customer Login Button : [[ChromeDriver: chrome on WINDOWS (4ac1a097654e5cdd56b10895edae637a)] -> xpath: //select[@name='userSelect']]<br>]]>
    </line>
    <line>
      <![CDATA[Clicking on Deposit Tab: [[ChromeDriver: chrome on WINDOWS (4ac1a097654e5cdd56b10895edae637a)] -> xpath: //button[contains(text(),'Deposit')]]<br>]]>
    </line>
    <line>
      <![CDATA[Entering deposit amount : 100 On Deposit Amount Field  [[ChromeDriver: chrome on WINDOWS (4ac1a097654e5cdd56b10895edae637a)] -> xpath: //input[@placeholder='amount']]<br>]]>
    </line>
    <line>
      <![CDATA[Clicking on Deposit Button: [[ChromeDriver: chrome on WINDOWS (4ac1a097654e5cdd56b10895edae637a)] -> xpath: //button[@class='btn btn-default']]<br>]]>
    </line>
    <line>
      <![CDATA[Verifying Deposit Success Text: [[ChromeDriver: chrome on WINDOWS (4ac1a097654e5cdd56b10895edae637a)] -> xpath: //span[@class='error ng-binding']]<br>]]>
    </line>
    <line>
      <![CDATA[Getting Deposit Success Text: [[ChromeDriver: chrome on WINDOWS (4ac1a097654e5cdd56b10895edae637a)] -> xpath: //span[@class='error ng-binding']]<br>]]>
    </line>
    <line>
      <![CDATA[Getting Deposit Success Text: [[ChromeDriver: chrome on WINDOWS (4ac1a097654e5cdd56b10895edae637a)] -> xpath: //span[@class='error ng-binding']]<br>]]>
    </line>
    <line>
      <![CDATA[Clicking on Home Page Tab: [[ChromeDriver: chrome on WINDOWS (4ac1a097654e5cdd56b10895edae637a)] -> xpath: //button[@class='btn home']]<br>]]>
    </line>
    <line>
      <![CDATA[Clicking on Customer Login Tab: [[ChromeDriver: chrome on WINDOWS (4ac1a097654e5cdd56b10895edae637a)] -> xpath: //button[contains(text(),'Customer Login')]]<br>]]>
    </line>
    <line>
      <![CDATA[Clicking on Your Name Field : [[ChromeDriver: chrome on WINDOWS (4ac1a097654e5cdd56b10895edae637a)] -> xpath: //select[@name='userSelect']]<br>]]>
    </line>
    <line>
      <![CDATA[Selecting Name of Customer from DropDown  : VJLiY nJ1t Your Name Field [[ChromeDriver: chrome on WINDOWS (4ac1a097654e5cdd56b10895edae637a)] -> xpath: //select[@name='userSelect']]<br>]]>
    </line>
    <line>
      <![CDATA[Clicking on Customer Login Button : [[ChromeDriver: chrome on WINDOWS (4ac1a097654e5cdd56b10895edae637a)] -> xpath: //select[@name='userSelect']]<br>]]>
    </line>
    <line>
      <![CDATA[Clicking on Withdrawl Tab: [[ChromeDriver: chrome on WINDOWS (4ac1a097654e5cdd56b10895edae637a)] -> xpath: //button[contains(text(),'Withdrawl')]]<br>]]>
    </line>
    <line>
      <![CDATA[Entering withdrawl amount : 50 On Withdrawal Amount Field [[ChromeDriver: chrome on WINDOWS (4ac1a097654e5cdd56b10895edae637a)] -> xpath: //input[@placeholder='amount']]<br>]]>
    </line>
    <line>
      <![CDATA[Clicking on Withdrawl Button: [[ChromeDriver: chrome on WINDOWS (4ac1a097654e5cdd56b10895edae637a)] -> xpath: //button[@class='btn btn-default']]<br>]]>
    </line>
    <line>
      <![CDATA[Verifying Transaction Success Text: [[ChromeDriver: chrome on WINDOWS (4ac1a097654e5cdd56b10895edae637a)] -> xpath: //span[@class='error ng-binding']]<br>]]>
    </line>
    <line>
      <![CDATA[Getting Transaction Success Text: [[ChromeDriver: chrome on WINDOWS (4ac1a097654e5cdd56b10895edae637a)] -> xpath: //span[@class='error ng-binding']]<br>]]>
    </line>
    <line>
      <![CDATA[Clicking on Home Page Tab: [[ChromeDriver: chrome on WINDOWS (4ac1a097654e5cdd56b10895edae637a)] -> xpath: //button[@class='btn home']]<br>]]>
    </line>
    <line>
      <![CDATA[Clicking on Manager Login Tab: [[ChromeDriver: chrome on WINDOWS (4ac1a097654e5cdd56b10895edae637a)] -> xpath: //button[contains(text(),'Bank Manager Login')]]<br>]]>
    </line>
    <line>
      <![CDATA[Clicking on Customers Tab: [[ChromeDriver: chrome on WINDOWS (4ac1a097654e5cdd56b10895edae637a)] -> xpath: //button[contains(text(),'Customers')]]<br>]]>
    </line>
    <line>
      <![CDATA[Finding Customer by First Name : VJLiY On Search Customer Field [[ChromeDriver: chrome on WINDOWS (4ac1a097654e5cdd56b10895edae637a)] -> xpath: //input[@placeholder='Search Customer']]<br>]]>
    </line>
    <line>
      <![CDATA[ Clicking on Delete Customer Button : [[ChromeDriver: chrome on WINDOWS (4ac1a097654e5cdd56b10895edae637a)] -> xpath: //button[contains(text(),'Delete')]]<br>]]>
    </line>
  </reporter-output>
  <suite name="Surefire suite" duration-ms="274493" started-at="2020-04-20T17:39:46 BST" finished-at="2020-04-20T17:44:21 BST">
    <groups>
      <group name="regression">
        <method signature="BankTest.bankManagerShouldAddCustomerSuccessfully()[pri:0, instance:com.bank.testsuite.BankTest@27a8c74e]" name="bankManagerShouldAddCustomerSuccessfully" class="com.bank.testsuite.BankTest"/>
        <method signature="BankTest.bankManagerShouldDeleteCustomerSuccessfully()[pri:5, instance:com.bank.testsuite.BankTest@27a8c74e]" name="bankManagerShouldDeleteCustomerSuccessfully" class="com.bank.testsuite.BankTest"/>
        <method signature="BankTest.bankManagerShouldOpenAccountSuccessfully()[pri:1, instance:com.bank.testsuite.BankTest@27a8c74e]" name="bankManagerShouldOpenAccountSuccessfully" class="com.bank.testsuite.BankTest"/>
        <method signature="BankTest.customerShouldDepositMoneySuccessfully()[pri:3, instance:com.bank.testsuite.BankTest@27a8c74e]" name="customerShouldDepositMoneySuccessfully" class="com.bank.testsuite.BankTest"/>
        <method signature="BankTest.customerShouldLoginAndLogoutSuccessfully()[pri:2, instance:com.bank.testsuite.BankTest@27a8c74e]" name="customerShouldLoginAndLogoutSuccessfully" class="com.bank.testsuite.BankTest"/>
        <method signature="BankTest.customerShouldWithdrawMoneySuccessfully()[pri:4, instance:com.bank.testsuite.BankTest@27a8c74e]" name="customerShouldWithdrawMoneySuccessfully" class="com.bank.testsuite.BankTest"/>
      </group> <!-- regression -->
    </groups>
    <test name="Surefire test" duration-ms="274493" started-at="2020-04-20T17:39:46 BST" finished-at="2020-04-20T17:44:21 BST">
      <class name="com.bank.testsuite.BankTest">
        <test-method status="PASS" signature="setUp()[pri:0, instance:com.bank.testsuite.BankTest@27a8c74e]" name="setUp" is-config="true" duration-ms="20" started-at="2020-04-20T17:39:46 BST" finished-at="2020-04-20T17:39:46 BST">
          <reporter-output>
          </reporter-output>
        </test-method> <!-- setUp -->
        <test-method status="PASS" signature="openBrowser()[pri:0, instance:com.bank.testsuite.BankTest@27a8c74e]" name="openBrowser" is-config="true" duration-ms="16419" started-at="2020-04-20T17:39:46 BST" finished-at="2020-04-20T17:40:02 BST">
          <reporter-output>
            <line>
              <![CDATA[Launching Chrome Browser]]>
            </line>
          </reporter-output>
        </test-method> <!-- openBrowser -->
        <test-method status="PASS" signature="setUpMethod()[pri:0, instance:com.bank.testsuite.BankTest@27a8c74e]" name="setUpMethod" is-config="true" duration-ms="117" started-at="2020-04-20T17:40:03 BST" finished-at="2020-04-20T17:40:03 BST">
          <reporter-output>
          </reporter-output>
        </test-method> <!-- setUpMethod -->
        <test-method status="PASS" signature="bankManagerShouldAddCustomerSuccessfully()[pri:0, instance:com.bank.testsuite.BankTest@27a8c74e]" name="bankManagerShouldAddCustomerSuccessfully" duration-ms="5162" started-at="2020-04-20T17:40:03 BST" finished-at="2020-04-20T17:40:08 BST">
          <reporter-output>
            <line>
              <![CDATA[Clicking on Manager Login Tab: [[ChromeDriver: chrome on WINDOWS (4ac1a097654e5cdd56b10895edae637a)] -> xpath: //button[contains(text(),'Bank Manager Login')]]<br>]]>
            </line>
            <line>
              <![CDATA[Clicking on Add Customer Tab: [[ChromeDriver: chrome on WINDOWS (4ac1a097654e5cdd56b10895edae637a)] -> xpath: //button[contains(text(),'Add Customer')]]<br>]]>
            </line>
            <line>
              <![CDATA[Entering First Name : VJLiY on First Name Field [[ChromeDriver: chrome on WINDOWS (4ac1a097654e5cdd56b10895edae637a)] -> xpath: //input[@placeholder='First Name']]<br>]]>
            </line>
            <line>
              <![CDATA[Entering Last Name : nJ1t on Last Name Field [[ChromeDriver: chrome on WINDOWS (4ac1a097654e5cdd56b10895edae637a)] -> xpath: //input[@placeholder='Last Name']]<br>]]>
            </line>
            <line>
              <![CDATA[Entering postcode : HA6 1NW on Postcode Field [[ChromeDriver: chrome on WINDOWS (4ac1a097654e5cdd56b10895edae637a)] -> xpath: //input[@placeholder='Post Code']]<br>]]>
            </line>
            <line>
              <![CDATA[Clicking on Add Customer Button : [[ChromeDriver: chrome on WINDOWS (4ac1a097654e5cdd56b10895edae637a)] -> xpath: //button[@class='btn btn-default']]<br>]]>
            </line>
            <line>
              <![CDATA[Clicking on Home Page Button : [[ChromeDriver: chrome on WINDOWS (4ac1a097654e5cdd56b10895edae637a)] -> xpath: //button[@class='btn home']]<br>]]>
            </line>
          </reporter-output>
        </test-method> <!-- bankManagerShouldAddCustomerSuccessfully -->
        <test-method status="PASS" signature="setUpMethod()[pri:0, instance:com.bank.testsuite.BankTest@27a8c74e]" name="setUpMethod" is-config="true" duration-ms="34" started-at="2020-04-20T17:40:08 BST" finished-at="2020-04-20T17:40:08 BST">
          <reporter-output>
          </reporter-output>
        </test-method> <!-- setUpMethod -->
        <test-method status="PASS" signature="bankManagerShouldOpenAccountSuccessfully()[pri:1, instance:com.bank.testsuite.BankTest@27a8c74e]" name="bankManagerShouldOpenAccountSuccessfully" duration-ms="32168" started-at="2020-04-20T17:40:08 BST" finished-at="2020-04-20T17:40:40 BST">
          <reporter-output>
            <line>
              <![CDATA[Clicking on Manager Login Tab: [[ChromeDriver: chrome on WINDOWS (4ac1a097654e5cdd56b10895edae637a)] -> xpath: //button[contains(text(),'Bank Manager Login')]]<br>]]>
            </line>
            <line>
              <![CDATA[Clicking on Open Account Tab: [[ChromeDriver: chrome on WINDOWS (4ac1a097654e5cdd56b10895edae637a)] -> xpath: //button[contains(text(),'Open Account')]]<br>]]>
            </line>
            <line>
              <![CDATA[Selecting Customer Name from Drop Down : VJLiY nJ1t On Select Customer Field [[ChromeDriver: chrome on WINDOWS (4ac1a097654e5cdd56b10895edae637a)] -> xpath: //select[@name='userSelect']]<br>]]>
            </line>
            <line>
              <![CDATA[Selecting Currency from Drop Down : Pound On Select Currency Field [[ChromeDriver: chrome on WINDOWS (4ac1a097654e5cdd56b10895edae637a)] -> xpath: //select[@name='currency']]<br>]]>
            </line>
            <line>
              <![CDATA[Clicking on Process Button : [[ChromeDriver: chrome on WINDOWS (4ac1a097654e5cdd56b10895edae637a)] -> xpath: //button[contains(text(),'Process')]]<br>]]>
            </line>
            <line>
              <![CDATA[Displaying PopUp Message. <br>]]>
            </line>
            <line>
              <![CDATA[Clicking on Home Page Button : [[ChromeDriver: chrome on WINDOWS (4ac1a097654e5cdd56b10895edae637a)] -> xpath: //button[@class='btn home']]<br>]]>
            </line>
          </reporter-output>
        </test-method> <!-- bankManagerShouldOpenAccountSuccessfully -->
        <test-method status="PASS" signature="setUpMethod()[pri:0, instance:com.bank.testsuite.BankTest@27a8c74e]" name="setUpMethod" is-config="true" duration-ms="27" started-at="2020-04-20T17:40:40 BST" finished-at="2020-04-20T17:40:40 BST">
          <reporter-output>
          </reporter-output>
        </test-method> <!-- setUpMethod -->
        <test-method status="PASS" signature="customerShouldLoginAndLogoutSuccessfully()[pri:2, instance:com.bank.testsuite.BankTest@27a8c74e]" name="customerShouldLoginAndLogoutSuccessfully" duration-ms="32290" started-at="2020-04-20T17:40:40 BST" finished-at="2020-04-20T17:41:12 BST">
          <reporter-output>
            <line>
              <![CDATA[Clicking on Customer Login Tab: [[ChromeDriver: chrome on WINDOWS (4ac1a097654e5cdd56b10895edae637a)] -> xpath: //button[contains(text(),'Customer Login')]]<br>]]>
            </line>
            <line>
              <![CDATA[Clicking on Your Name Field : [[ChromeDriver: chrome on WINDOWS (4ac1a097654e5cdd56b10895edae637a)] -> xpath: //select[@name='userSelect']]<br>]]>
            </line>
            <line>
              <![CDATA[Selecting Name of Customer from DropDown  : VJLiY nJ1t Your Name Field [[ChromeDriver: chrome on WINDOWS (4ac1a097654e5cdd56b10895edae637a)] -> xpath: //select[@name='userSelect']]<br>]]>
            </line>
            <line>
              <![CDATA[Clicking on Customer Login Button : [[ChromeDriver: chrome on WINDOWS (4ac1a097654e5cdd56b10895edae637a)] -> xpath: //select[@name='userSelect']]<br>]]>
            </line>
            <line>
              <![CDATA[Verifying Customer Log Out Tab is Displayed : [[ChromeDriver: chrome on WINDOWS (4ac1a097654e5cdd56b10895edae637a)] -> xpath: //button[@class='btn logout']]<br>]]>
            </line>
            <line>
              <![CDATA[Getting Customer Log Out Text: [[ChromeDriver: chrome on WINDOWS (4ac1a097654e5cdd56b10895edae637a)] -> xpath: //button[@class='btn logout']]<br>]]>
            </line>
            <line>
              <![CDATA[Clicking on Customer Log Out Button : [[ChromeDriver: chrome on WINDOWS (4ac1a097654e5cdd56b10895edae637a)] -> xpath: //button[@class='btn logout']]<br>]]>
            </line>
            <line>
              <![CDATA[ Verify Your Name Text is Displayed  : [[ChromeDriver: chrome on WINDOWS (4ac1a097654e5cdd56b10895edae637a)] -> xpath: //label[contains(text(),'Your Name :')]]<br>]]>
            </line>
            <line>
              <![CDATA[ Getting Your Name Text : [[ChromeDriver: chrome on WINDOWS (4ac1a097654e5cdd56b10895edae637a)] -> xpath: //label[contains(text(),'Your Name :')]]<br>]]>
            </line>
            <line>
              <![CDATA[Clicking on Home Page Button : [[ChromeDriver: chrome on WINDOWS (4ac1a097654e5cdd56b10895edae637a)] -> xpath: //button[@class='btn home']]<br>]]>
            </line>
          </reporter-output>
        </test-method> <!-- customerShouldLoginAndLogoutSuccessfully -->
        <test-method status="PASS" signature="setUpMethod()[pri:0, instance:com.bank.testsuite.BankTest@27a8c74e]" name="setUpMethod" is-config="true" duration-ms="29" started-at="2020-04-20T17:41:12 BST" finished-at="2020-04-20T17:41:12 BST">
          <reporter-output>
          </reporter-output>
        </test-method> <!-- setUpMethod -->
        <test-method status="PASS" signature="customerShouldDepositMoneySuccessfully()[pri:3, instance:com.bank.testsuite.BankTest@27a8c74e]" name="customerShouldDepositMoneySuccessfully" duration-ms="63031" started-at="2020-04-20T17:41:12 BST" finished-at="2020-04-20T17:42:15 BST">
          <reporter-output>
            <line>
              <![CDATA[Clicking on Customer Login Tab: [[ChromeDriver: chrome on WINDOWS (4ac1a097654e5cdd56b10895edae637a)] -> xpath: //button[contains(text(),'Customer Login')]]<br>]]>
            </line>
            <line>
              <![CDATA[Clicking on Your Name Field : [[ChromeDriver: chrome on WINDOWS (4ac1a097654e5cdd56b10895edae637a)] -> xpath: //select[@name='userSelect']]<br>]]>
            </line>
            <line>
              <![CDATA[Selecting Name of Customer from DropDown  : VJLiY nJ1t Your Name Field [[ChromeDriver: chrome on WINDOWS (4ac1a097654e5cdd56b10895edae637a)] -> xpath: //select[@name='userSelect']]<br>]]>
            </line>
            <line>
              <![CDATA[Clicking on Customer Login Button : [[ChromeDriver: chrome on WINDOWS (4ac1a097654e5cdd56b10895edae637a)] -> xpath: //select[@name='userSelect']]<br>]]>
            </line>
            <line>
              <![CDATA[Clicking on Deposit Tab: [[ChromeDriver: chrome on WINDOWS (4ac1a097654e5cdd56b10895edae637a)] -> xpath: //button[contains(text(),'Deposit')]]<br>]]>
            </line>
            <line>
              <![CDATA[Entering deposit amount : 100 On Deposit Amount Field  [[ChromeDriver: chrome on WINDOWS (4ac1a097654e5cdd56b10895edae637a)] -> xpath: //input[@placeholder='amount']]<br>]]>
            </line>
            <line>
              <![CDATA[Clicking on Deposit Button: [[ChromeDriver: chrome on WINDOWS (4ac1a097654e5cdd56b10895edae637a)] -> xpath: //button[@class='btn btn-default']]<br>]]>
            </line>
            <line>
              <![CDATA[Verifying Deposit Success Text: [[ChromeDriver: chrome on WINDOWS (4ac1a097654e5cdd56b10895edae637a)] -> xpath: //span[@class='error ng-binding']]<br>]]>
            </line>
            <line>
              <![CDATA[Getting Deposit Success Text: [[ChromeDriver: chrome on WINDOWS (4ac1a097654e5cdd56b10895edae637a)] -> xpath: //span[@class='error ng-binding']]<br>]]>
            </line>
            <line>
              <![CDATA[Getting Deposit Success Text: [[ChromeDriver: chrome on WINDOWS (4ac1a097654e5cdd56b10895edae637a)] -> xpath: //span[@class='error ng-binding']]<br>]]>
            </line>
            <line>
              <![CDATA[Clicking on Home Page Tab: [[ChromeDriver: chrome on WINDOWS (4ac1a097654e5cdd56b10895edae637a)] -> xpath: //button[@class='btn home']]<br>]]>
            </line>
          </reporter-output>
        </test-method> <!-- customerShouldDepositMoneySuccessfully -->
        <test-method status="PASS" signature="setUpMethod()[pri:0, instance:com.bank.testsuite.BankTest@27a8c74e]" name="setUpMethod" is-config="true" duration-ms="21" started-at="2020-04-20T17:42:15 BST" finished-at="2020-04-20T17:42:15 BST">
          <reporter-output>
          </reporter-output>
        </test-method> <!-- setUpMethod -->
        <test-method status="PASS" signature="customerShouldWithdrawMoneySuccessfully()[pri:4, instance:com.bank.testsuite.BankTest@27a8c74e]" name="customerShouldWithdrawMoneySuccessfully" duration-ms="62394" started-at="2020-04-20T17:42:15 BST" finished-at="2020-04-20T17:43:18 BST">
          <reporter-output>
            <line>
              <![CDATA[Clicking on Customer Login Tab: [[ChromeDriver: chrome on WINDOWS (4ac1a097654e5cdd56b10895edae637a)] -> xpath: //button[contains(text(),'Customer Login')]]<br>]]>
            </line>
            <line>
              <![CDATA[Clicking on Your Name Field : [[ChromeDriver: chrome on WINDOWS (4ac1a097654e5cdd56b10895edae637a)] -> xpath: //select[@name='userSelect']]<br>]]>
            </line>
            <line>
              <![CDATA[Selecting Name of Customer from DropDown  : VJLiY nJ1t Your Name Field [[ChromeDriver: chrome on WINDOWS (4ac1a097654e5cdd56b10895edae637a)] -> xpath: //select[@name='userSelect']]<br>]]>
            </line>
            <line>
              <![CDATA[Clicking on Customer Login Button : [[ChromeDriver: chrome on WINDOWS (4ac1a097654e5cdd56b10895edae637a)] -> xpath: //select[@name='userSelect']]<br>]]>
            </line>
            <line>
              <![CDATA[Clicking on Withdrawl Tab: [[ChromeDriver: chrome on WINDOWS (4ac1a097654e5cdd56b10895edae637a)] -> xpath: //button[contains(text(),'Withdrawl')]]<br>]]>
            </line>
            <line>
              <![CDATA[Entering withdrawl amount : 50 On Withdrawal Amount Field [[ChromeDriver: chrome on WINDOWS (4ac1a097654e5cdd56b10895edae637a)] -> xpath: //input[@placeholder='amount']]<br>]]>
            </line>
            <line>
              <![CDATA[Clicking on Withdrawl Button: [[ChromeDriver: chrome on WINDOWS (4ac1a097654e5cdd56b10895edae637a)] -> xpath: //button[@class='btn btn-default']]<br>]]>
            </line>
            <line>
              <![CDATA[Verifying Transaction Success Text: [[ChromeDriver: chrome on WINDOWS (4ac1a097654e5cdd56b10895edae637a)] -> xpath: //span[@class='error ng-binding']]<br>]]>
            </line>
            <line>
              <![CDATA[Getting Transaction Success Text: [[ChromeDriver: chrome on WINDOWS (4ac1a097654e5cdd56b10895edae637a)] -> xpath: //span[@class='error ng-binding']]<br>]]>
            </line>
            <line>
              <![CDATA[Clicking on Home Page Tab: [[ChromeDriver: chrome on WINDOWS (4ac1a097654e5cdd56b10895edae637a)] -> xpath: //button[@class='btn home']]<br>]]>
            </line>
          </reporter-output>
        </test-method> <!-- customerShouldWithdrawMoneySuccessfully -->
        <test-method status="PASS" signature="setUpMethod()[pri:0, instance:com.bank.testsuite.BankTest@27a8c74e]" name="setUpMethod" is-config="true" duration-ms="36" started-at="2020-04-20T17:43:18 BST" finished-at="2020-04-20T17:43:18 BST">
          <reporter-output>
          </reporter-output>
        </test-method> <!-- setUpMethod -->
        <test-method status="PASS" signature="bankManagerShouldDeleteCustomerSuccessfully()[pri:5, instance:com.bank.testsuite.BankTest@27a8c74e]" name="bankManagerShouldDeleteCustomerSuccessfully" duration-ms="61566" started-at="2020-04-20T17:43:18 BST" finished-at="2020-04-20T17:44:19 BST">
          <reporter-output>
            <line>
              <![CDATA[Clicking on Manager Login Tab: [[ChromeDriver: chrome on WINDOWS (4ac1a097654e5cdd56b10895edae637a)] -> xpath: //button[contains(text(),'Bank Manager Login')]]<br>]]>
            </line>
            <line>
              <![CDATA[Clicking on Customers Tab: [[ChromeDriver: chrome on WINDOWS (4ac1a097654e5cdd56b10895edae637a)] -> xpath: //button[contains(text(),'Customers')]]<br>]]>
            </line>
            <line>
              <![CDATA[Finding Customer by First Name : VJLiY On Search Customer Field [[ChromeDriver: chrome on WINDOWS (4ac1a097654e5cdd56b10895edae637a)] -> xpath: //input[@placeholder='Search Customer']]<br>]]>
            </line>
            <line>
              <![CDATA[ Clicking on Delete Customer Button : [[ChromeDriver: chrome on WINDOWS (4ac1a097654e5cdd56b10895edae637a)] -> xpath: //button[contains(text(),'Delete')]]<br>]]>
            </line>
          </reporter-output>
        </test-method> <!-- bankManagerShouldDeleteCustomerSuccessfully -->
        <test-method status="PASS" signature="tearDown()[pri:0, instance:com.bank.testsuite.BankTest@27a8c74e]" name="tearDown" is-config="true" duration-ms="1081" started-at="2020-04-20T17:44:19 BST" finished-at="2020-04-20T17:44:21 BST">
          <reporter-output>
          </reporter-output>
        </test-method> <!-- tearDown -->
      </class> <!-- com.bank.testsuite.BankTest -->
    </test> <!-- Surefire test -->
  </suite> <!-- Surefire suite -->
</testng-results>
