<?xml version="1.0" encoding="UTF-8"?>
<testsuite name="Bank Test"
           tests="6"
           failures="0"
           errors="0"
           skipped="0"
           time="256.728">
  <properties />
  
  
            <testcase name="customerShouldWithdrawMoneySuccessfully" time="62.320" classname="com.bank.testsuite.BankTest" />
                <testcase name="bankManagerShouldOpenAccountSuccessfully" time="32.299" classname="com.bank.testsuite.BankTest" />
                <testcase name="customerShouldDepositMoneySuccessfully" time="63.736" classname="com.bank.testsuite.BankTest" />
                <testcase name="customerShouldLoginAndLogoutSuccessfully" time="32.377" classname="com.bank.testsuite.BankTest" />
                <testcase name="bankManagerShouldAddCustomerSuccessfully" time="4.289" classname="com.bank.testsuite.BankTest" />
                <testcase name="bankManagerShouldDeleteCustomerSuccessfully" time="61.707" classname="com.bank.testsuite.BankTest" />
      
</testsuite>
